<?xml version="1.0" encoding="UTF-8"?>
<!-- Generated by org.testng.reporters.JUnitReportReporter -->
<testsuite hostname="LAPTOP-I8KI9DO6" failures="0" tests="1" name="testPackage.TC_BuyProduct_003_Test" time="29.752" errors="0" timestamp="2025-03-21T10:54:48 IST" skipped="0">
  <testcase classname="testPackage.TC_BuyProduct_003_Test" name="buyProductMethod" time="29.752"/>
  <system-out/>
</testsuite> <!-- testPackage.TC_BuyProduct_003_Test -->
