<?xml version="1.0" encoding="UTF-8"?>
<!-- Generated by org.testng.reporters.JUnitReportReporter -->
<testsuite hostname="LAPTOP-I8KI9DO6" failures="0" tests="1" name="testPackage.TC_AddToCart_001_Test" time="6.358" errors="0" timestamp="2025-03-20T12:28:44 IST" skipped="0">
  <testcase classname="testPackage.TC_AddToCart_001_Test" name="addToCartMethod" time="6.358"/>
  <system-out>
    <![CDATA[---test---addToCartMethod started
---test---addToCartMethod succeeded]]>
  </system-out>
</testsuite> <!-- testPackage.TC_AddToCart_001_Test -->
