<?xml version="1.0" encoding="UTF-8"?>
<!-- Generated by org.testng.reporters.JUnitReportReporter -->
<testsuite hostname="LAPTOP-I8KI9DO6" failures="0" tests="1" name="testPackage.AddToCart" time="5.986" errors="0" timestamp="2025-03-18T10:57:22 IST" skipped="0">
  <testcase classname="testPackage.AddToCart" name="addToCartMethod" time="5.986"/>
  <system-out/>
</testsuite> <!-- testPackage.AddToCart -->
